{
"contracts/Deed.sol":{"l":{"184":0,"185":0,"187":0,"188":0,"189":0,"190":0,"191":0,"193":0,"194":0,"195":0,"196":0,"197":0,"199":0,"206":0,"207":0,"209":0,"210":0,"211":0,"212":0,"213":0,"215":0,"222":0,"223":0,"224":0,"225":0,"226":0,"227":0,"229":0,"230":0,"249":3,"253":0,"286":3,"293":0,"300":0,"301":0,"312":0,"320":0,"321":0,"325":3,"326":3,"327":3,"369":3,"381":0,"384":0,"386":0,"390":0,"487":0,"488":0,"491":0,"511":0,"513":0,"514":0,"536":0,"550":0,"569":0,"584":0,"585":0,"587":0,"588":0,"598":0,"612":0,"614":0,"615":0,"625":0,"639":0,"641":0,"642":0,"650":0,"651":0,"654":0,"657":0,"662":0,"695":0,"731":3,"732":3,"739":0,"749":0,"750":0,"757":0,"758":0,"759":0,"766":0,"773":0,"780":0,"782":0,"783":0,"792":0,"799":0,"800":0,"802":0,"807":0,"814":0,"816":0,"823":0,"825":0,"826":0,"833":0,"845":0,"847":0,"858":0,"870":0,"871":0,"898":0,"899":0,"911":0,"922":0,"923":0,"924":0,"938":0,"950":0,"951":0,"970":0,"971":0,"973":0,"975":0,"976":0,"978":0,"992":0,"994":0,"997":0,"999":0,"1000":0,"1002":0,"1021":0,"1022":0,"1024":0,"1027":0,"1029":0,"1030":0,"1031":0,"1033":0,"1042":0,"1043":0,"1062":0,"1063":0,"1064":0,"1066":0,"1067":0,"1069":0,"1075":0,"1152":0,"1159":0,"1160":0,"1167":0,"1174":0,"1175":0,"1198":0,"1200":0,"1201":0,"1203":0,"1205":0,"1206":0,"1208":0,"1218":0,"1219":0,"1220":0,"1228":0,"1229":0,"1244":0,"1245":0,"1248":0,"1249":0,"1251":0,"1252":0,"1256":0,"1257":0,"1269":0,"1270":0,"1275":0,"1277":0,"1278":0,"1281":0,"1282":0,"1466":48,"1470":8,"1474":8,"1478":8,"1482":8,"1486":8,"1490":8,"1494":48,"1495":48,"1496":48,"1497":48,"1499":48,"1500":6,"1501":4,"1502":1,"1504":2,"1506":1,"1511":48,"1512":16,"1513":2,"1514":1,"1516":1,"1521":48,"1522":8,"1523":2,"1524":2,"1525":2,"1526":2,"1527":1,"1529":0,"1531":1,"1533":2,"1534":0,"1536":0,"1540":48,"1544":8,"1545":8,"1547":8,"1549":8,"1551":8,"1553":8,"1555":8,"1557":8,"1559":8,"1561":8,"1563":8,"1565":8,"1567":8,"1569":8,"1571":8,"1572":8,"1574":8,"1575":8,"1577":8,"1581":0,"1582":0,"1586":0,"1587":0,"1594":56,"1595":7,"1597":49,"1598":49,"1599":49,"1600":49,"1601":49,"1603":49,"1604":49,"1605":49,"1606":49,"1607":49,"1609":49,"1624":16,"1625":16,"1628":16,"1631":16,"1633":16,"1635":16,"1672":16},"path":"/Users/markbarrasso/source/deed/contracts/Deed.sol","s":{"1":0,"2":0,"3":0,"4":0,"5":0,"6":0,"7":0,"8":0,"9":0,"10":0,"11":0,"12":0,"13":0,"14":0,"15":0,"16":0,"17":0,"18":0,"19":0,"20":0,"21":0,"22":0,"23":0,"24":0,"25":0,"26":0,"27":0,"28":3,"29":0,"30":3,"31":0,"32":0,"33":0,"34":0,"35":0,"36":3,"37":3,"38":3,"39":3,"40":0,"41":0,"42":0,"43":0,"44":0,"45":0,"46":0,"47":0,"48":0,"49":0,"50":0,"51":0,"52":0,"53":0,"54":0,"55":0,"56":0,"57":0,"58":0,"59":0,"60":0,"61":0,"62":0,"63":0,"64":0,"65":0,"66":0,"67":0,"68":3,"69":3,"70":0,"71":0,"72":0,"73":0,"74":0,"75":0,"76":0,"77":0,"78":0,"79":0,"80":0,"81":0,"82":0,"83":0,"84":0,"85":0,"86":0,"87":0,"88":0,"89":0,"90":0,"91":0,"92":0,"93":0,"94":0,"95":0,"96":0,"97":0,"98":0,"99":0,"100":0,"101":0,"102":0,"103":0,"104":0,"105":0,"106":0,"107":0,"108":0,"109":0,"110":0,"111":0,"112":0,"113":0,"114":0,"115":0,"116":0,"117":0,"118":0,"119":0,"120":0,"121":0,"122":0,"123":0,"124":0,"125":0,"126":0,"127":0,"128":0,"129":0,"130":0,"131":0,"132":0,"133":0,"134":0,"135":0,"136":0,"137":0,"138":0,"139":0,"140":0,"141":0,"142":0,"143":0,"144":0,"145":0,"146":0,"147":0,"148":0,"149":0,"150":0,"151":0,"152":0,"153":0,"154":0,"155":0,"156":0,"157":0,"158":0,"159":0,"160":0,"161":0,"162":0,"163":0,"164":0,"165":48,"166":8,"167":8,"168":8,"169":8,"170":8,"171":8,"172":48,"173":48,"174":48,"175":48,"176":48,"177":6,"178":4,"179":1,"180":3,"181":2,"182":1,"183":1,"184":48,"185":16,"186":2,"187":1,"188":1,"189":48,"190":8,"191":2,"192":2,"193":2,"194":2,"195":1,"196":1,"197":0,"198":1,"199":2,"200":0,"201":2,"202":0,"203":48,"204":8,"205":8,"206":8,"207":8,"208":8,"209":8,"210":8,"211":8,"212":8,"213":8,"214":8,"215":8,"216":8,"217":8,"218":8,"219":8,"220":8,"221":8,"222":8,"223":0,"224":0,"225":0,"226":0,"227":56,"228":7,"229":49,"230":49,"231":49,"232":49,"233":49,"234":49,"235":49,"236":49,"237":49,"238":49,"239":16,"240":16,"241":0,"242":16,"243":16,"244":16,"245":16},"b":{"1":[0,0],"2":[0,0],"3":[0,0],"4":[0,0],"5":[0,0],"6":[0,0],"7":[0,0],"8":[0,0],"9":[0,0],"10":[0,0],"11":[0,0],"12":[0,0],"13":[0,0],"14":[0,0],"15":[0,0],"16":[0,0],"17":[0,0],"18":[0,0],"19":[0,0],"20":[0,0],"21":[0,0],"22":[0,0],"23":[0,0],"24":[0,0],"25":[0,0],"26":[0,0],"27":[0,0],"28":[0,0],"29":[0,0],"30":[0,0],"31":[0,0],"32":[0,0],"33":[0,0],"34":[0,0],"35":[0,0],"36":[0,0],"37":[0,0],"38":[0,0],"39":[0,0],"40":[6,42],"41":[4,2],"42":[1,3],"43":[2,1],"44":[1,0],"45":[16,32],"46":[2,14],"47":[1,1],"48":[8,40],"49":[2,6],"50":[1,1],"51":[0,1],"52":[0,2],"53":[0,2],"54":[0,0],"55":[0,0],"56":[7,49],"57":[0,16]},"f":{"1":0,"2":0,"3":0,"4":3,"5":0,"6":3,"7":0,"8":0,"9":0,"10":0,"11":3,"12":3,"13":0,"14":0,"15":0,"16":0,"17":0,"18":0,"19":0,"20":0,"21":0,"22":0,"23":0,"24":0,"25":0,"26":3,"27":0,"28":0,"29":0,"30":0,"31":0,"32":0,"33":0,"34":0,"35":0,"36":0,"37":0,"38":0,"39":0,"40":0,"41":0,"42":0,"43":0,"44":0,"45":0,"46":0,"47":0,"48":0,"49":0,"50":0,"51":0,"52":0,"53":0,"54":0,"55":0,"56":0,"57":0,"58":0,"59":0,"60":0,"61":48,"62":8,"63":8,"64":8,"65":8,"66":8,"67":8,"68":48,"69":8,"70":0,"71":0,"72":56,"73":3,"74":16},"fnMap":{"1":{"name":"toString","line":180,"loc":{"start":{"line":180,"column":4},"end":{"line":200,"column":4}}},"2":{"name":"toHexString","line":205,"loc":{"start":{"line":205,"column":4},"end":{"line":216,"column":4}}},"3":{"name":"toHexString","line":221,"loc":{"start":{"line":221,"column":4},"end":{"line":231,"column":4}}},"4":{"name":"_msgSender","line":248,"loc":{"start":{"line":248,"column":4},"end":{"line":250,"column":4}}},"5":{"name":"_msgData","line":252,"loc":{"start":{"line":252,"column":4},"end":{"line":254,"column":4}}},"6":{"name":"constructor","line":285,"loc":{"start":{"line":285,"column":4},"end":{"line":287,"column":4}}},"7":{"name":"owner","line":292,"loc":{"start":{"line":292,"column":4},"end":{"line":294,"column":4}}},"8":{"name":"onlyOwner","line":299,"loc":{"start":{"line":299,"column":4},"end":{"line":302,"column":4}}},"9":{"name":"renounceOwnership","line":311,"loc":{"start":{"line":311,"column":4},"end":{"line":313,"column":4}}},"10":{"name":"transferOwnership","line":319,"loc":{"start":{"line":319,"column":4},"end":{"line":322,"column":4}}},"11":{"name":"_setOwner","line":324,"loc":{"start":{"line":324,"column":4},"end":{"line":328,"column":4}}},"12":{"name":"constructor","line":368,"loc":{"start":{"line":368,"column":4},"end":{"line":370,"column":4}}},"13":{"name":"nonReentrant","line":379,"loc":{"start":{"line":379,"column":4},"end":{"line":391,"column":4}}},"14":{"name":"isContract","line":482,"loc":{"start":{"line":482,"column":4},"end":{"line":492,"column":4}}},"15":{"name":"sendValue","line":510,"loc":{"start":{"line":510,"column":4},"end":{"line":515,"column":4}}},"16":{"name":"functionCall","line":535,"loc":{"start":{"line":535,"column":4},"end":{"line":537,"column":4}}},"17":{"name":"functionCall","line":545,"loc":{"start":{"line":545,"column":4},"end":{"line":551,"column":4}}},"18":{"name":"functionCallWithValue","line":564,"loc":{"start":{"line":564,"column":4},"end":{"line":570,"column":4}}},"19":{"name":"functionCallWithValue","line":578,"loc":{"start":{"line":578,"column":4},"end":{"line":589,"column":4}}},"20":{"name":"functionStaticCall","line":597,"loc":{"start":{"line":597,"column":4},"end":{"line":599,"column":4}}},"21":{"name":"functionStaticCall","line":607,"loc":{"start":{"line":607,"column":4},"end":{"line":616,"column":4}}},"22":{"name":"functionDelegateCall","line":624,"loc":{"start":{"line":624,"column":4},"end":{"line":626,"column":4}}},"23":{"name":"functionDelegateCall","line":634,"loc":{"start":{"line":634,"column":4},"end":{"line":643,"column":4}}},"24":{"name":"_verifyCallResult","line":645,"loc":{"start":{"line":645,"column":4},"end":{"line":665,"column":4}}},"25":{"name":"supportsInterface","line":694,"loc":{"start":{"line":694,"column":4},"end":{"line":696,"column":4}}},"26":{"name":"constructor","line":730,"loc":{"start":{"line":730,"column":4},"end":{"line":733,"column":4}}},"27":{"name":"supportsInterface","line":738,"loc":{"start":{"line":738,"column":4},"end":{"line":743,"column":4}}},"28":{"name":"balanceOf","line":748,"loc":{"start":{"line":748,"column":4},"end":{"line":751,"column":4}}},"29":{"name":"ownerOf","line":756,"loc":{"start":{"line":756,"column":4},"end":{"line":760,"column":4}}},"30":{"name":"name","line":765,"loc":{"start":{"line":765,"column":4},"end":{"line":767,"column":4}}},"31":{"name":"symbol","line":772,"loc":{"start":{"line":772,"column":4},"end":{"line":774,"column":4}}},"32":{"name":"tokenURI","line":779,"loc":{"start":{"line":779,"column":4},"end":{"line":784,"column":4}}},"33":{"name":"_baseURI","line":791,"loc":{"start":{"line":791,"column":4},"end":{"line":793,"column":4}}},"34":{"name":"approve","line":798,"loc":{"start":{"line":798,"column":4},"end":{"line":808,"column":4}}},"35":{"name":"getApproved","line":813,"loc":{"start":{"line":813,"column":4},"end":{"line":817,"column":4}}},"36":{"name":"setApprovalForAll","line":822,"loc":{"start":{"line":822,"column":4},"end":{"line":827,"column":4}}},"37":{"name":"isApprovedForAll","line":832,"loc":{"start":{"line":832,"column":4},"end":{"line":834,"column":4}}},"38":{"name":"transferFrom","line":839,"loc":{"start":{"line":839,"column":4},"end":{"line":848,"column":4}}},"39":{"name":"safeTransferFrom","line":853,"loc":{"start":{"line":853,"column":4},"end":{"line":859,"column":4}}},"40":{"name":"safeTransferFrom","line":864,"loc":{"start":{"line":864,"column":4},"end":{"line":872,"column":4}}},"41":{"name":"_safeTransfer","line":892,"loc":{"start":{"line":892,"column":4},"end":{"line":900,"column":4}}},"42":{"name":"_exists","line":910,"loc":{"start":{"line":910,"column":4},"end":{"line":912,"column":4}}},"43":{"name":"_isApprovedOrOwner","line":921,"loc":{"start":{"line":921,"column":4},"end":{"line":925,"column":4}}},"44":{"name":"_safeMint","line":937,"loc":{"start":{"line":937,"column":4},"end":{"line":939,"column":4}}},"45":{"name":"_safeMint","line":945,"loc":{"start":{"line":945,"column":4},"end":{"line":955,"column":4}}},"46":{"name":"_mint","line":969,"loc":{"start":{"line":969,"column":4},"end":{"line":979,"column":4}}},"47":{"name":"_burn","line":991,"loc":{"start":{"line":991,"column":4},"end":{"line":1003,"column":4}}},"48":{"name":"_transfer","line":1016,"loc":{"start":{"line":1016,"column":4},"end":{"line":1034,"column":4}}},"49":{"name":"_approve","line":1041,"loc":{"start":{"line":1041,"column":4},"end":{"line":1044,"column":4}}},"50":{"name":"_checkOnERC721Received","line":1056,"loc":{"start":{"line":1056,"column":4},"end":{"line":1077,"column":4}}},"51":{"name":"_beforeTokenTransfer","line":1093,"loc":{"start":{"line":1093,"column":4},"end":{"line":1097,"column":24}}},"52":{"name":"supportsInterface","line":1151,"loc":{"start":{"line":1151,"column":4},"end":{"line":1153,"column":4}}},"53":{"name":"tokenOfOwnerByIndex","line":1158,"loc":{"start":{"line":1158,"column":4},"end":{"line":1161,"column":4}}},"54":{"name":"totalSupply","line":1166,"loc":{"start":{"line":1166,"column":4},"end":{"line":1168,"column":4}}},"55":{"name":"tokenByIndex","line":1173,"loc":{"start":{"line":1173,"column":4},"end":{"line":1176,"column":4}}},"56":{"name":"_beforeTokenTransfer","line":1193,"loc":{"start":{"line":1193,"column":4},"end":{"line":1210,"column":4}}},"57":{"name":"_addTokenToOwnerEnumeration","line":1217,"loc":{"start":{"line":1217,"column":4},"end":{"line":1221,"column":4}}},"58":{"name":"_addTokenToAllTokensEnumeration","line":1227,"loc":{"start":{"line":1227,"column":4},"end":{"line":1230,"column":4}}},"59":{"name":"_removeTokenFromOwnerEnumeration","line":1240,"loc":{"start":{"line":1240,"column":4},"end":{"line":1258,"column":4}}},"60":{"name":"_removeTokenFromAllTokensEnumeration","line":1265,"loc":{"start":{"line":1265,"column":4},"end":{"line":1283,"column":4}}},"61":{"name":"random","line":1465,"loc":{"start":{"line":1465,"column":4},"end":{"line":1467,"column":4}}},"62":{"name":"getDwelling","line":1469,"loc":{"start":{"line":1469,"column":4},"end":{"line":1471,"column":4}}},"63":{"name":"getPrimaryAccessory","line":1473,"loc":{"start":{"line":1473,"column":4},"end":{"line":1475,"column":4}}},"64":{"name":"getSecondaryAccessory","line":1477,"loc":{"start":{"line":1477,"column":4},"end":{"line":1479,"column":4}}},"65":{"name":"getWeapon","line":1481,"loc":{"start":{"line":1481,"column":4},"end":{"line":1483,"column":4}}},"66":{"name":"getCrop","line":1485,"loc":{"start":{"line":1485,"column":4},"end":{"line":1487,"column":4}}},"67":{"name":"getAnimal","line":1489,"loc":{"start":{"line":1489,"column":4},"end":{"line":1491,"column":4}}},"68":{"name":"pluck","line":1493,"loc":{"start":{"line":1493,"column":4},"end":{"line":1541,"column":4}}},"69":{"name":"tokenURI","line":1543,"loc":{"start":{"line":1543,"column":4},"end":{"line":1578,"column":4}}},"70":{"name":"claim","line":1580,"loc":{"start":{"line":1580,"column":4},"end":{"line":1583,"column":4}}},"71":{"name":"ownerClaim","line":1585,"loc":{"start":{"line":1585,"column":4},"end":{"line":1588,"column":4}}},"72":{"name":"toString","line":1590,"loc":{"start":{"line":1590,"column":4},"end":{"line":1610,"column":4}}},"73":{"name":"constructor","line":1612,"loc":{"start":{"line":1612,"column":4},"end":{"line":1612,"column":52}}},"74":{"name":"encode","line":1623,"loc":{"start":{"line":1623,"column":4},"end":{"line":1673,"column":4}}}},"statementMap":{"1":{"start":{"line":184,"column":8},"end":{"line":184,"column":5860}},"2":{"start":{"line":185,"column":12},"end":{"line":185,"column":22}},"3":{"start":{"line":187,"column":8},"end":{"line":187,"column":28}},"4":{"start":{"line":188,"column":8},"end":{"line":188,"column":22}},"5":{"start":{"line":189,"column":8},"end":{"line":189,"column":5974}},"6":{"start":{"line":191,"column":12},"end":{"line":191,"column":21}},"7":{"start":{"line":193,"column":8},"end":{"line":193,"column":47}},"8":{"start":{"line":194,"column":8},"end":{"line":194,"column":6107}},"9":{"start":{"line":195,"column":12},"end":{"line":195,"column":22}},"10":{"start":{"line":196,"column":12},"end":{"line":196,"column":67}},"11":{"start":{"line":197,"column":12},"end":{"line":197,"column":22}},"12":{"start":{"line":199,"column":8},"end":{"line":199,"column":29}},"13":{"start":{"line":206,"column":8},"end":{"line":206,"column":6483}},"14":{"start":{"line":207,"column":12},"end":{"line":207,"column":25}},"15":{"start":{"line":209,"column":8},"end":{"line":209,"column":28}},"16":{"start":{"line":210,"column":8},"end":{"line":210,"column":26}},"17":{"start":{"line":211,"column":8},"end":{"line":211,"column":6604}},"18":{"start":{"line":213,"column":12},"end":{"line":213,"column":21}},"19":{"start":{"line":215,"column":8},"end":{"line":215,"column":41}},"20":{"start":{"line":222,"column":8},"end":{"line":222,"column":55}},"21":{"start":{"line":223,"column":8},"end":{"line":223,"column":22}},"22":{"start":{"line":224,"column":8},"end":{"line":224,"column":22}},"23":{"start":{"line":225,"column":8},"end":{"line":225,"column":7058}},"24":{"start":{"line":226,"column":12},"end":{"line":226,"column":48}},"25":{"start":{"line":227,"column":12},"end":{"line":227,"column":22}},"26":{"start":{"line":229,"column":8},"end":{"line":229,"column":62}},"27":{"start":{"line":230,"column":8},"end":{"line":230,"column":29}},"28":{"start":{"line":249,"column":8},"end":{"line":249,"column":25}},"29":{"start":{"line":253,"column":8},"end":{"line":253,"column":23}},"30":{"start":{"line":286,"column":8},"end":{"line":286,"column":30}},"31":{"start":{"line":293,"column":8},"end":{"line":293,"column":21}},"32":{"start":{"line":300,"column":8},"end":{"line":300,"column":75}},"33":{"start":{"line":312,"column":8},"end":{"line":312,"column":28}},"34":{"start":{"line":320,"column":8},"end":{"line":320,"column":80}},"35":{"start":{"line":321,"column":8},"end":{"line":321,"column":26}},"36":{"start":{"line":325,"column":8},"end":{"line":325,"column":33}},"37":{"start":{"line":326,"column":8},"end":{"line":326,"column":24}},"38":{"start":{"line":327,"column":8},"end":{"line":327,"column":53}},"39":{"start":{"line":369,"column":8},"end":{"line":369,"column":29}},"40":{"start":{"line":381,"column":8},"end":{"line":381,"column":70}},"41":{"start":{"line":384,"column":8},"end":{"line":384,"column":25}},"42":{"start":{"line":390,"column":8},"end":{"line":390,"column":29}},"43":{"start":{"line":487,"column":8},"end":{"line":487,"column":20}},"44":{"start":{"line":491,"column":8},"end":{"line":491,"column":23}},"45":{"start":{"line":511,"column":8},"end":{"line":511,"column":80}},"46":{"start":{"line":513,"column":8},"end":{"line":513,"column":60}},"47":{"start":{"line":514,"column":8},"end":{"line":514,"column":85}},"48":{"start":{"line":536,"column":8},"end":{"line":536,"column":75}},"49":{"start":{"line":550,"column":8},"end":{"line":550,"column":67}},"50":{"start":{"line":569,"column":8},"end":{"line":569,"column":102}},"51":{"start":{"line":584,"column":8},"end":{"line":584,"column":88}},"52":{"start":{"line":585,"column":8},"end":{"line":585,"column":67}},"53":{"start":{"line":587,"column":8},"end":{"line":587,"column":81}},"54":{"start":{"line":588,"column":8},"end":{"line":588,"column":67}},"55":{"start":{"line":598,"column":8},"end":{"line":598,"column":88}},"56":{"start":{"line":612,"column":8},"end":{"line":612,"column":74}},"57":{"start":{"line":614,"column":8},"end":{"line":614,"column":73}},"58":{"start":{"line":615,"column":8},"end":{"line":615,"column":67}},"59":{"start":{"line":625,"column":8},"end":{"line":625,"column":92}},"60":{"start":{"line":639,"column":8},"end":{"line":639,"column":76}},"61":{"start":{"line":641,"column":8},"end":{"line":641,"column":75}},"62":{"start":{"line":642,"column":8},"end":{"line":642,"column":67}},"63":{"start":{"line":650,"column":8},"end":{"line":650,"column":21228}},"64":{"start":{"line":651,"column":12},"end":{"line":651,"column":29}},"65":{"start":{"line":654,"column":12},"end":{"line":654,"column":21373}},"66":{"start":{"line":662,"column":16},"end":{"line":662,"column":35}},"67":{"start":{"line":695,"column":8},"end":{"line":695,"column":55}},"68":{"start":{"line":731,"column":8},"end":{"line":731,"column":20}},"69":{"start":{"line":732,"column":8},"end":{"line":732,"column":24}},"70":{"start":{"line":739,"column":8},"end":{"line":739,"column":23949}},"71":{"start":{"line":749,"column":8},"end":{"line":749,"column":81}},"72":{"start":{"line":750,"column":8},"end":{"line":750,"column":31}},"73":{"start":{"line":757,"column":8},"end":{"line":757,"column":40}},"74":{"start":{"line":758,"column":8},"end":{"line":758,"column":80}},"75":{"start":{"line":759,"column":8},"end":{"line":759,"column":20}},"76":{"start":{"line":766,"column":8},"end":{"line":766,"column":20}},"77":{"start":{"line":773,"column":8},"end":{"line":773,"column":22}},"78":{"start":{"line":780,"column":8},"end":{"line":780,"column":83}},"79":{"start":{"line":782,"column":8},"end":{"line":782,"column":42}},"80":{"start":{"line":783,"column":8},"end":{"line":783,"column":101}},"81":{"start":{"line":792,"column":8},"end":{"line":792,"column":17}},"82":{"start":{"line":799,"column":8},"end":{"line":799,"column":47}},"83":{"start":{"line":800,"column":8},"end":{"line":800,"column":64}},"84":{"start":{"line":802,"column":8},"end":{"line":802,"column":25955}},"85":{"start":{"line":807,"column":8},"end":{"line":807,"column":28}},"86":{"start":{"line":814,"column":8},"end":{"line":814,"column":80}},"87":{"start":{"line":816,"column":8},"end":{"line":816,"column":39}},"88":{"start":{"line":823,"column":8},"end":{"line":823,"column":69}},"89":{"start":{"line":825,"column":8},"end":{"line":825,"column":60}},"90":{"start":{"line":826,"column":8},"end":{"line":826,"column":61}},"91":{"start":{"line":833,"column":8},"end":{"line":833,"column":50}},"92":{"start":{"line":845,"column":8},"end":{"line":845,"column":110}},"93":{"start":{"line":847,"column":8},"end":{"line":847,"column":35}},"94":{"start":{"line":858,"column":8},"end":{"line":858,"column":46}},"95":{"start":{"line":870,"column":8},"end":{"line":870,"column":110}},"96":{"start":{"line":871,"column":8},"end":{"line":871,"column":46}},"97":{"start":{"line":898,"column":8},"end":{"line":898,"column":35}},"98":{"start":{"line":899,"column":8},"end":{"line":899,"column":118}},"99":{"start":{"line":911,"column":8},"end":{"line":911,"column":45}},"100":{"start":{"line":922,"column":8},"end":{"line":922,"column":80}},"101":{"start":{"line":923,"column":8},"end":{"line":923,"column":47}},"102":{"start":{"line":924,"column":8},"end":{"line":924,"column":104}},"103":{"start":{"line":938,"column":8},"end":{"line":938,"column":33}},"104":{"start":{"line":950,"column":8},"end":{"line":950,"column":25}},"105":{"start":{"line":951,"column":8},"end":{"line":951,"column":30956}},"106":{"start":{"line":970,"column":8},"end":{"line":970,"column":68}},"107":{"start":{"line":971,"column":8},"end":{"line":971,"column":65}},"108":{"start":{"line":973,"column":8},"end":{"line":973,"column":52}},"109":{"start":{"line":975,"column":8},"end":{"line":975,"column":25}},"110":{"start":{"line":976,"column":8},"end":{"line":976,"column":28}},"111":{"start":{"line":978,"column":8},"end":{"line":978,"column":46}},"112":{"start":{"line":992,"column":8},"end":{"line":992,"column":47}},"113":{"start":{"line":994,"column":8},"end":{"line":994,"column":55}},"114":{"start":{"line":997,"column":8},"end":{"line":997,"column":36}},"115":{"start":{"line":999,"column":8},"end":{"line":999,"column":28}},"116":{"start":{"line":1002,"column":8},"end":{"line":1002,"column":49}},"117":{"start":{"line":1021,"column":8},"end":{"line":1021,"column":92}},"118":{"start":{"line":1022,"column":8},"end":{"line":1022,"column":72}},"119":{"start":{"line":1024,"column":8},"end":{"line":1024,"column":46}},"120":{"start":{"line":1027,"column":8},"end":{"line":1027,"column":36}},"121":{"start":{"line":1029,"column":8},"end":{"line":1029,"column":27}},"122":{"start":{"line":1030,"column":8},"end":{"line":1030,"column":25}},"123":{"start":{"line":1031,"column":8},"end":{"line":1031,"column":28}},"124":{"start":{"line":1033,"column":8},"end":{"line":1033,"column":40}},"125":{"start":{"line":1042,"column":8},"end":{"line":1042,"column":36}},"126":{"start":{"line":1043,"column":8},"end":{"line":1043,"column":59}},"127":{"start":{"line":1062,"column":8},"end":{"line":1062,"column":34258}},"128":{"start":{"line":1063,"column":12},"end":{"line":1063,"column":34297}},"129":{"start":{"line":1064,"column":16},"end":{"line":1064,"column":78}},"130":{"start":{"line":1066,"column":16},"end":{"line":1066,"column":34544}},"131":{"start":{"line":1067,"column":20},"end":{"line":1067,"column":79}},"132":{"start":{"line":1075,"column":12},"end":{"line":1075,"column":23}},"133":{"start":{"line":1152,"column":8},"end":{"line":1152,"column":105}},"134":{"start":{"line":1159,"column":8},"end":{"line":1159,"column":94}},"135":{"start":{"line":1160,"column":8},"end":{"line":1160,"column":41}},"136":{"start":{"line":1167,"column":8},"end":{"line":1167,"column":32}},"137":{"start":{"line":1174,"column":8},"end":{"line":1174,"column":102}},"138":{"start":{"line":1175,"column":8},"end":{"line":1175,"column":32}},"139":{"start":{"line":1198,"column":8},"end":{"line":1198,"column":52}},"140":{"start":{"line":1200,"column":8},"end":{"line":1200,"column":39038}},"141":{"start":{"line":1201,"column":12},"end":{"line":1201,"column":51}},"142":{"start":{"line":1202,"column":15},"end":{"line":1202,"column":39133}},"143":{"start":{"line":1203,"column":12},"end":{"line":1203,"column":58}},"144":{"start":{"line":1205,"column":8},"end":{"line":1205,"column":39230}},"145":{"start":{"line":1206,"column":12},"end":{"line":1206,"column":56}},"146":{"start":{"line":1207,"column":15},"end":{"line":1207,"column":39328}},"147":{"start":{"line":1208,"column":12},"end":{"line":1208,"column":51}},"148":{"start":{"line":1218,"column":8},"end":{"line":1218,"column":45}},"149":{"start":{"line":1219,"column":8},"end":{"line":1219,"column":41}},"150":{"start":{"line":1220,"column":8},"end":{"line":1220,"column":42}},"151":{"start":{"line":1228,"column":8},"end":{"line":1228,"column":51}},"152":{"start":{"line":1229,"column":8},"end":{"line":1229,"column":31}},"153":{"start":{"line":1244,"column":8},"end":{"line":1244,"column":59}},"154":{"start":{"line":1245,"column":8},"end":{"line":1245,"column":55}},"155":{"start":{"line":1248,"column":8},"end":{"line":1248,"column":41369}},"156":{"start":{"line":1249,"column":12},"end":{"line":1249,"column":68}},"157":{"start":{"line":1251,"column":12},"end":{"line":1251,"column":55}},"158":{"start":{"line":1252,"column":12},"end":{"line":1252,"column":54}},"159":{"start":{"line":1269,"column":8},"end":{"line":1269,"column":54}},"160":{"start":{"line":1270,"column":8},"end":{"line":1270,"column":53}},"161":{"start":{"line":1275,"column":8},"end":{"line":1275,"column":56}},"162":{"start":{"line":1277,"column":8},"end":{"line":1277,"column":43}},"163":{"start":{"line":1278,"column":8},"end":{"line":1278,"column":48}},"164":{"start":{"line":1282,"column":8},"end":{"line":1282,"column":23}},"165":{"start":{"line":1466,"column":8},"end":{"line":1466,"column":58}},"166":{"start":{"line":1470,"column":8},"end":{"line":1470,"column":49}},"167":{"start":{"line":1474,"column":8},"end":{"line":1474,"column":56}},"168":{"start":{"line":1478,"column":8},"end":{"line":1478,"column":59}},"169":{"start":{"line":1482,"column":8},"end":{"line":1482,"column":49}},"170":{"start":{"line":1486,"column":8},"end":{"line":1486,"column":45}},"171":{"start":{"line":1490,"column":8},"end":{"line":1490,"column":48}},"172":{"start":{"line":1494,"column":8},"end":{"line":1494,"column":85}},"173":{"start":{"line":1495,"column":8},"end":{"line":1495,"column":69}},"174":{"start":{"line":1496,"column":8},"end":{"line":1496,"column":37}},"175":{"start":{"line":1497,"column":5},"end":{"line":1497,"column":34}},"176":{"start":{"line":1499,"column":8},"end":{"line":1499,"column":48222}},"177":{"start":{"line":1500,"column":12},"end":{"line":1500,"column":48491}},"178":{"start":{"line":1501,"column":16},"end":{"line":1501,"column":48533}},"179":{"start":{"line":1502,"column":20},"end":{"line":1502,"column":115}},"180":{"start":{"line":1503,"column":23},"end":{"line":1503,"column":48700}},"181":{"start":{"line":1504,"column":20},"end":{"line":1504,"column":115}},"182":{"start":{"line":1505,"column":23},"end":{"line":1505,"column":48864}},"183":{"start":{"line":1506,"column":20},"end":{"line":1506,"column":170}},"184":{"start":{"line":1511,"column":8},"end":{"line":1511,"column":49112}},"185":{"start":{"line":1512,"column":12},"end":{"line":1512,"column":49297}},"186":{"start":{"line":1513,"column":16},"end":{"line":1513,"column":49340}},"187":{"start":{"line":1514,"column":20},"end":{"line":1514,"column":74}},"188":{"start":{"line":1516,"column":20},"end":{"line":1516,"column":73}},"189":{"start":{"line":1521,"column":8},"end":{"line":1521,"column":49586}},"190":{"start":{"line":1522,"column":12},"end":{"line":1522,"column":49689}},"191":{"start":{"line":1523,"column":16},"end":{"line":1523,"column":37}},"192":{"start":{"line":1524,"column":16},"end":{"line":1524,"column":85}},"193":{"start":{"line":1525,"column":16},"end":{"line":1525,"column":85}},"194":{"start":{"line":1526,"column":16},"end":{"line":1526,"column":49947}},"195":{"start":{"line":1527,"column":20},"end":{"line":1527,"column":89}},"196":{"start":{"line":1528,"column":23},"end":{"line":1528,"column":50104}},"197":{"start":{"line":1529,"column":20},"end":{"line":1529,"column":115}},"198":{"start":{"line":1531,"column":20},"end":{"line":1531,"column":144}},"199":{"start":{"line":1533,"column":16},"end":{"line":1533,"column":50470}},"200":{"start":{"line":1534,"column":20},"end":{"line":1534,"column":74}},"201":{"start":{"line":1535,"column":23},"end":{"line":1535,"column":50593}},"202":{"start":{"line":1536,"column":20},"end":{"line":1536,"column":70}},"203":{"start":{"line":1540,"column":8},"end":{"line":1540,"column":21}},"204":{"start":{"line":1544,"column":8},"end":{"line":1544,"column":31}},"205":{"start":{"line":1545,"column":8},"end":{"line":1545,"column":280}},"206":{"start":{"line":1547,"column":8},"end":{"line":1547,"column":38}},"207":{"start":{"line":1549,"column":8},"end":{"line":1549,"column":60}},"208":{"start":{"line":1551,"column":8},"end":{"line":1551,"column":46}},"209":{"start":{"line":1553,"column":8},"end":{"line":1553,"column":60}},"210":{"start":{"line":1555,"column":8},"end":{"line":1555,"column":48}},"211":{"start":{"line":1557,"column":8},"end":{"line":1557,"column":60}},"212":{"start":{"line":1559,"column":8},"end":{"line":1559,"column":36}},"213":{"start":{"line":1561,"column":8},"end":{"line":1561,"column":61}},"214":{"start":{"line":1563,"column":8},"end":{"line":1563,"column":34}},"215":{"start":{"line":1565,"column":8},"end":{"line":1565,"column":62}},"216":{"start":{"line":1567,"column":8},"end":{"line":1567,"column":37}},"217":{"start":{"line":1569,"column":8},"end":{"line":1569,"column":34}},"218":{"start":{"line":1571,"column":8},"end":{"line":1571,"column":145}},"219":{"start":{"line":1572,"column":8},"end":{"line":1572,"column":135}},"220":{"start":{"line":1574,"column":8},"end":{"line":1574,"column":491}},"221":{"start":{"line":1575,"column":8},"end":{"line":1575,"column":79}},"222":{"start":{"line":1577,"column":8},"end":{"line":1577,"column":21}},"223":{"start":{"line":1581,"column":8},"end":{"line":1581,"column":65}},"224":{"start":{"line":1582,"column":8},"end":{"line":1582,"column":39}},"225":{"start":{"line":1586,"column":8},"end":{"line":1586,"column":69}},"226":{"start":{"line":1587,"column":8},"end":{"line":1587,"column":34}},"227":{"start":{"line":1594,"column":8},"end":{"line":1594,"column":53317}},"228":{"start":{"line":1595,"column":12},"end":{"line":1595,"column":22}},"229":{"start":{"line":1597,"column":8},"end":{"line":1597,"column":28}},"230":{"start":{"line":1598,"column":8},"end":{"line":1598,"column":22}},"231":{"start":{"line":1599,"column":8},"end":{"line":1599,"column":53431}},"232":{"start":{"line":1601,"column":12},"end":{"line":1601,"column":21}},"233":{"start":{"line":1603,"column":8},"end":{"line":1603,"column":47}},"234":{"start":{"line":1604,"column":8},"end":{"line":1604,"column":53564}},"235":{"start":{"line":1605,"column":12},"end":{"line":1605,"column":22}},"236":{"start":{"line":1606,"column":12},"end":{"line":1606,"column":67}},"237":{"start":{"line":1607,"column":12},"end":{"line":1607,"column":22}},"238":{"start":{"line":1609,"column":8},"end":{"line":1609,"column":29}},"239":{"start":{"line":1624,"column":8},"end":{"line":1624,"column":33}},"240":{"start":{"line":1625,"column":8},"end":{"line":1625,"column":31}},"241":{"start":{"line":1625,"column":22},"end":{"line":1625,"column":31}},"242":{"start":{"line":1628,"column":8},"end":{"line":1628,"column":48}},"243":{"start":{"line":1631,"column":8},"end":{"line":1631,"column":56}},"244":{"start":{"line":1633,"column":8},"end":{"line":1633,"column":34}},"245":{"start":{"line":1672,"column":8},"end":{"line":1672,"column":29}}},"branchMap":{"1":{"line":184,"type":"if","locations":[{"start":{"line":184,"column":8},"end":{"line":184,"column":8}},{"start":{"line":184,"column":8},"end":{"line":184,"column":8}}]},"2":{"line":206,"type":"if","locations":[{"start":{"line":206,"column":8},"end":{"line":206,"column":8}},{"start":{"line":206,"column":8},"end":{"line":206,"column":8}}]},"3":{"line":229,"type":"if","locations":[{"start":{"line":229,"column":8},"end":{"line":229,"column":8}},{"start":{"line":229,"column":8},"end":{"line":229,"column":8}}]},"4":{"line":300,"type":"if","locations":[{"start":{"line":300,"column":8},"end":{"line":300,"column":8}},{"start":{"line":300,"column":8},"end":{"line":300,"column":8}}]},"5":{"line":320,"type":"if","locations":[{"start":{"line":320,"column":8},"end":{"line":320,"column":8}},{"start":{"line":320,"column":8},"end":{"line":320,"column":8}}]},"6":{"line":381,"type":"if","locations":[{"start":{"line":381,"column":8},"end":{"line":381,"column":8}},{"start":{"line":381,"column":8},"end":{"line":381,"column":8}}]},"7":{"line":511,"type":"if","locations":[{"start":{"line":511,"column":8},"end":{"line":511,"column":8}},{"start":{"line":511,"column":8},"end":{"line":511,"column":8}}]},"8":{"line":514,"type":"if","locations":[{"start":{"line":514,"column":8},"end":{"line":514,"column":8}},{"start":{"line":514,"column":8},"end":{"line":514,"column":8}}]},"9":{"line":584,"type":"if","locations":[{"start":{"line":584,"column":8},"end":{"line":584,"column":8}},{"start":{"line":584,"column":8},"end":{"line":584,"column":8}}]},"10":{"line":585,"type":"if","locations":[{"start":{"line":585,"column":8},"end":{"line":585,"column":8}},{"start":{"line":585,"column":8},"end":{"line":585,"column":8}}]},"11":{"line":612,"type":"if","locations":[{"start":{"line":612,"column":8},"end":{"line":612,"column":8}},{"start":{"line":612,"column":8},"end":{"line":612,"column":8}}]},"12":{"line":639,"type":"if","locations":[{"start":{"line":639,"column":8},"end":{"line":639,"column":8}},{"start":{"line":639,"column":8},"end":{"line":639,"column":8}}]},"13":{"line":650,"type":"if","locations":[{"start":{"line":650,"column":8},"end":{"line":650,"column":8}},{"start":{"line":650,"column":8},"end":{"line":650,"column":8}}]},"14":{"line":654,"type":"if","locations":[{"start":{"line":654,"column":12},"end":{"line":654,"column":12}},{"start":{"line":654,"column":12},"end":{"line":654,"column":12}}]},"15":{"line":749,"type":"if","locations":[{"start":{"line":749,"column":8},"end":{"line":749,"column":8}},{"start":{"line":749,"column":8},"end":{"line":749,"column":8}}]},"16":{"line":758,"type":"if","locations":[{"start":{"line":758,"column":8},"end":{"line":758,"column":8}},{"start":{"line":758,"column":8},"end":{"line":758,"column":8}}]},"17":{"line":780,"type":"if","locations":[{"start":{"line":780,"column":8},"end":{"line":780,"column":8}},{"start":{"line":780,"column":8},"end":{"line":780,"column":8}}]},"18":{"line":800,"type":"if","locations":[{"start":{"line":800,"column":8},"end":{"line":800,"column":8}},{"start":{"line":800,"column":8},"end":{"line":800,"column":8}}]},"19":{"line":802,"type":"if","locations":[{"start":{"line":802,"column":8},"end":{"line":802,"column":8}},{"start":{"line":802,"column":8},"end":{"line":802,"column":8}}]},"20":{"line":814,"type":"if","locations":[{"start":{"line":814,"column":8},"end":{"line":814,"column":8}},{"start":{"line":814,"column":8},"end":{"line":814,"column":8}}]},"21":{"line":823,"type":"if","locations":[{"start":{"line":823,"column":8},"end":{"line":823,"column":8}},{"start":{"line":823,"column":8},"end":{"line":823,"column":8}}]},"22":{"line":845,"type":"if","locations":[{"start":{"line":845,"column":8},"end":{"line":845,"column":8}},{"start":{"line":845,"column":8},"end":{"line":845,"column":8}}]},"23":{"line":870,"type":"if","locations":[{"start":{"line":870,"column":8},"end":{"line":870,"column":8}},{"start":{"line":870,"column":8},"end":{"line":870,"column":8}}]},"24":{"line":899,"type":"if","locations":[{"start":{"line":899,"column":8},"end":{"line":899,"column":8}},{"start":{"line":899,"column":8},"end":{"line":899,"column":8}}]},"25":{"line":922,"type":"if","locations":[{"start":{"line":922,"column":8},"end":{"line":922,"column":8}},{"start":{"line":922,"column":8},"end":{"line":922,"column":8}}]},"26":{"line":951,"type":"if","locations":[{"start":{"line":951,"column":8},"end":{"line":951,"column":8}},{"start":{"line":951,"column":8},"end":{"line":951,"column":8}}]},"27":{"line":970,"type":"if","locations":[{"start":{"line":970,"column":8},"end":{"line":970,"column":8}},{"start":{"line":970,"column":8},"end":{"line":970,"column":8}}]},"28":{"line":971,"type":"if","locations":[{"start":{"line":971,"column":8},"end":{"line":971,"column":8}},{"start":{"line":971,"column":8},"end":{"line":971,"column":8}}]},"29":{"line":1021,"type":"if","locations":[{"start":{"line":1021,"column":8},"end":{"line":1021,"column":8}},{"start":{"line":1021,"column":8},"end":{"line":1021,"column":8}}]},"30":{"line":1022,"type":"if","locations":[{"start":{"line":1022,"column":8},"end":{"line":1022,"column":8}},{"start":{"line":1022,"column":8},"end":{"line":1022,"column":8}}]},"31":{"line":1062,"type":"if","locations":[{"start":{"line":1062,"column":8},"end":{"line":1062,"column":8}},{"start":{"line":1062,"column":8},"end":{"line":1062,"column":8}}]},"32":{"line":1066,"type":"if","locations":[{"start":{"line":1066,"column":16},"end":{"line":1066,"column":16}},{"start":{"line":1066,"column":16},"end":{"line":1066,"column":16}}]},"33":{"line":1159,"type":"if","locations":[{"start":{"line":1159,"column":8},"end":{"line":1159,"column":8}},{"start":{"line":1159,"column":8},"end":{"line":1159,"column":8}}]},"34":{"line":1174,"type":"if","locations":[{"start":{"line":1174,"column":8},"end":{"line":1174,"column":8}},{"start":{"line":1174,"column":8},"end":{"line":1174,"column":8}}]},"35":{"line":1200,"type":"if","locations":[{"start":{"line":1200,"column":8},"end":{"line":1200,"column":8}},{"start":{"line":1200,"column":8},"end":{"line":1200,"column":8}}]},"36":{"line":1202,"type":"if","locations":[{"start":{"line":1202,"column":15},"end":{"line":1202,"column":15}},{"start":{"line":1202,"column":15},"end":{"line":1202,"column":15}}]},"37":{"line":1205,"type":"if","locations":[{"start":{"line":1205,"column":8},"end":{"line":1205,"column":8}},{"start":{"line":1205,"column":8},"end":{"line":1205,"column":8}}]},"38":{"line":1207,"type":"if","locations":[{"start":{"line":1207,"column":15},"end":{"line":1207,"column":15}},{"start":{"line":1207,"column":15},"end":{"line":1207,"column":15}}]},"39":{"line":1248,"type":"if","locations":[{"start":{"line":1248,"column":8},"end":{"line":1248,"column":8}},{"start":{"line":1248,"column":8},"end":{"line":1248,"column":8}}]},"40":{"line":1499,"type":"if","locations":[{"start":{"line":1499,"column":8},"end":{"line":1499,"column":8}},{"start":{"line":1499,"column":8},"end":{"line":1499,"column":8}}]},"41":{"line":1500,"type":"if","locations":[{"start":{"line":1500,"column":12},"end":{"line":1500,"column":12}},{"start":{"line":1500,"column":12},"end":{"line":1500,"column":12}}]},"42":{"line":1501,"type":"if","locations":[{"start":{"line":1501,"column":16},"end":{"line":1501,"column":16}},{"start":{"line":1501,"column":16},"end":{"line":1501,"column":16}}]},"43":{"line":1503,"type":"if","locations":[{"start":{"line":1503,"column":23},"end":{"line":1503,"column":23}},{"start":{"line":1503,"column":23},"end":{"line":1503,"column":23}}]},"44":{"line":1505,"type":"if","locations":[{"start":{"line":1505,"column":23},"end":{"line":1505,"column":23}},{"start":{"line":1505,"column":23},"end":{"line":1505,"column":23}}]},"45":{"line":1511,"type":"if","locations":[{"start":{"line":1511,"column":8},"end":{"line":1511,"column":8}},{"start":{"line":1511,"column":8},"end":{"line":1511,"column":8}}]},"46":{"line":1512,"type":"if","locations":[{"start":{"line":1512,"column":12},"end":{"line":1512,"column":12}},{"start":{"line":1512,"column":12},"end":{"line":1512,"column":12}}]},"47":{"line":1513,"type":"if","locations":[{"start":{"line":1513,"column":16},"end":{"line":1513,"column":16}},{"start":{"line":1513,"column":16},"end":{"line":1513,"column":16}}]},"48":{"line":1521,"type":"if","locations":[{"start":{"line":1521,"column":8},"end":{"line":1521,"column":8}},{"start":{"line":1521,"column":8},"end":{"line":1521,"column":8}}]},"49":{"line":1522,"type":"if","locations":[{"start":{"line":1522,"column":12},"end":{"line":1522,"column":12}},{"start":{"line":1522,"column":12},"end":{"line":1522,"column":12}}]},"50":{"line":1526,"type":"if","locations":[{"start":{"line":1526,"column":16},"end":{"line":1526,"column":16}},{"start":{"line":1526,"column":16},"end":{"line":1526,"column":16}}]},"51":{"line":1528,"type":"if","locations":[{"start":{"line":1528,"column":23},"end":{"line":1528,"column":23}},{"start":{"line":1528,"column":23},"end":{"line":1528,"column":23}}]},"52":{"line":1533,"type":"if","locations":[{"start":{"line":1533,"column":16},"end":{"line":1533,"column":16}},{"start":{"line":1533,"column":16},"end":{"line":1533,"column":16}}]},"53":{"line":1535,"type":"if","locations":[{"start":{"line":1535,"column":23},"end":{"line":1535,"column":23}},{"start":{"line":1535,"column":23},"end":{"line":1535,"column":23}}]},"54":{"line":1581,"type":"if","locations":[{"start":{"line":1581,"column":8},"end":{"line":1581,"column":8}},{"start":{"line":1581,"column":8},"end":{"line":1581,"column":8}}]},"55":{"line":1586,"type":"if","locations":[{"start":{"line":1586,"column":8},"end":{"line":1586,"column":8}},{"start":{"line":1586,"column":8},"end":{"line":1586,"column":8}}]},"56":{"line":1594,"type":"if","locations":[{"start":{"line":1594,"column":8},"end":{"line":1594,"column":8}},{"start":{"line":1594,"column":8},"end":{"line":1594,"column":8}}]},"57":{"line":1625,"type":"if","locations":[{"start":{"line":1625,"column":8},"end":{"line":1625,"column":8}},{"start":{"line":1625,"column":8},"end":{"line":1625,"column":8}}]}}}}
