TN:
SF:/Users/markbarrasso/source/deed/contracts/Deed.sol
FN:180,toString
FN:205,toHexString
FN:221,toHexString
FN:248,_msgSender
FN:252,_msgData
FN:285,constructor
FN:292,owner
FN:299,onlyOwner
FN:311,renounceOwnership
FN:319,transferOwnership
FN:324,_setOwner
FN:368,constructor
FN:379,nonReentrant
FN:482,isContract
FN:510,sendValue
FN:535,functionCall
FN:545,functionCall
FN:564,functionCallWithValue
FN:578,functionCallWithValue
FN:597,functionStaticCall
FN:607,functionStaticCall
FN:624,functionDelegateCall
FN:634,functionDelegateCall
FN:645,_verifyCallResult
FN:694,supportsInterface
FN:730,constructor
FN:738,supportsInterface
FN:748,balanceOf
FN:756,ownerOf
FN:765,name
FN:772,symbol
FN:779,tokenURI
FN:791,_baseURI
FN:798,approve
FN:813,getApproved
FN:822,setApprovalForAll
FN:832,isApprovedForAll
FN:839,transferFrom
FN:853,safeTransferFrom
FN:864,safeTransferFrom
FN:892,_safeTransfer
FN:910,_exists
FN:921,_isApprovedOrOwner
FN:937,_safeMint
FN:945,_safeMint
FN:969,_mint
FN:991,_burn
FN:1016,_transfer
FN:1041,_approve
FN:1056,_checkOnERC721Received
FN:1093,_beforeTokenTransfer
FN:1151,supportsInterface
FN:1158,tokenOfOwnerByIndex
FN:1166,totalSupply
FN:1173,tokenByIndex
FN:1193,_beforeTokenTransfer
FN:1217,_addTokenToOwnerEnumeration
FN:1227,_addTokenToAllTokensEnumeration
FN:1240,_removeTokenFromOwnerEnumeration
FN:1265,_removeTokenFromAllTokensEnumeration
FN:1465,random
FN:1469,getDwelling
FN:1473,getPrimaryAccessory
FN:1477,getSecondaryAccessory
FN:1481,getWeapon
FN:1485,getCrop
FN:1489,getAnimal
FN:1493,pluck
FN:1543,tokenURI
FN:1580,claim
FN:1585,ownerClaim
FN:1590,toString
FN:1612,constructor
FN:1623,encode
FNF:74
FNH:17
FNDA:0,toString
FNDA:0,toHexString
FNDA:0,toHexString
FNDA:3,_msgSender
FNDA:0,_msgData
FNDA:3,constructor
FNDA:0,owner
FNDA:0,onlyOwner
FNDA:0,renounceOwnership
FNDA:0,transferOwnership
FNDA:3,_setOwner
FNDA:3,constructor
FNDA:0,nonReentrant
FNDA:0,isContract
FNDA:0,sendValue
FNDA:0,functionCall
FNDA:0,functionCall
FNDA:0,functionCallWithValue
FNDA:0,functionCallWithValue
FNDA:0,functionStaticCall
FNDA:0,functionStaticCall
FNDA:0,functionDelegateCall
FNDA:0,functionDelegateCall
FNDA:0,_verifyCallResult
FNDA:0,supportsInterface
FNDA:3,constructor
FNDA:0,supportsInterface
FNDA:0,balanceOf
FNDA:0,ownerOf
FNDA:0,name
FNDA:0,symbol
FNDA:0,tokenURI
FNDA:0,_baseURI
FNDA:0,approve
FNDA:0,getApproved
FNDA:0,setApprovalForAll
FNDA:0,isApprovedForAll
FNDA:0,transferFrom
FNDA:0,safeTransferFrom
FNDA:0,safeTransferFrom
FNDA:0,_safeTransfer
FNDA:0,_exists
FNDA:0,_isApprovedOrOwner
FNDA:0,_safeMint
FNDA:0,_safeMint
FNDA:0,_mint
FNDA:0,_burn
FNDA:0,_transfer
FNDA:0,_approve
FNDA:0,_checkOnERC721Received
FNDA:0,_beforeTokenTransfer
FNDA:0,supportsInterface
FNDA:0,tokenOfOwnerByIndex
FNDA:0,totalSupply
FNDA:0,tokenByIndex
FNDA:0,_beforeTokenTransfer
FNDA:0,_addTokenToOwnerEnumeration
FNDA:0,_addTokenToAllTokensEnumeration
FNDA:0,_removeTokenFromOwnerEnumeration
FNDA:0,_removeTokenFromAllTokensEnumeration
FNDA:48,random
FNDA:8,getDwelling
FNDA:8,getPrimaryAccessory
FNDA:8,getSecondaryAccessory
FNDA:8,getWeapon
FNDA:8,getCrop
FNDA:8,getAnimal
FNDA:48,pluck
FNDA:8,tokenURI
FNDA:0,claim
FNDA:0,ownerClaim
FNDA:56,toString
FNDA:3,constructor
FNDA:16,encode
DA:184,0
DA:185,0
DA:187,0
DA:188,0
DA:189,0
DA:190,0
DA:191,0
DA:193,0
DA:194,0
DA:195,0
DA:196,0
DA:197,0
DA:199,0
DA:206,0
DA:207,0
DA:209,0
DA:210,0
DA:211,0
DA:212,0
DA:213,0
DA:215,0
DA:222,0
DA:223,0
DA:224,0
DA:225,0
DA:226,0
DA:227,0
DA:229,0
DA:230,0
DA:249,3
DA:253,0
DA:286,3
DA:293,0
DA:300,0
DA:301,0
DA:312,0
DA:320,0
DA:321,0
DA:325,3
DA:326,3
DA:327,3
DA:369,3
DA:381,0
DA:384,0
DA:386,0
DA:390,0
DA:487,0
DA:488,0
DA:491,0
DA:511,0
DA:513,0
DA:514,0
DA:536,0
DA:550,0
DA:569,0
DA:584,0
DA:585,0
DA:587,0
DA:588,0
DA:598,0
DA:612,0
DA:614,0
DA:615,0
DA:625,0
DA:639,0
DA:641,0
DA:642,0
DA:650,0
DA:651,0
DA:654,0
DA:657,0
DA:662,0
DA:695,0
DA:731,3
DA:732,3
DA:739,0
DA:749,0
DA:750,0
DA:757,0
DA:758,0
DA:759,0
DA:766,0
DA:773,0
DA:780,0
DA:782,0
DA:783,0
DA:792,0
DA:799,0
DA:800,0
DA:802,0
DA:807,0
DA:814,0
DA:816,0
DA:823,0
DA:825,0
DA:826,0
DA:833,0
DA:845,0
DA:847,0
DA:858,0
DA:870,0
DA:871,0
DA:898,0
DA:899,0
DA:911,0
DA:922,0
DA:923,0
DA:924,0
DA:938,0
DA:950,0
DA:951,0
DA:970,0
DA:971,0
DA:973,0
DA:975,0
DA:976,0
DA:978,0
DA:992,0
DA:994,0
DA:997,0
DA:999,0
DA:1000,0
DA:1002,0
DA:1021,0
DA:1022,0
DA:1024,0
DA:1027,0
DA:1029,0
DA:1030,0
DA:1031,0
DA:1033,0
DA:1042,0
DA:1043,0
DA:1062,0
DA:1063,0
DA:1064,0
DA:1066,0
DA:1067,0
DA:1069,0
DA:1075,0
DA:1152,0
DA:1159,0
DA:1160,0
DA:1167,0
DA:1174,0
DA:1175,0
DA:1198,0
DA:1200,0
DA:1201,0
DA:1203,0
DA:1205,0
DA:1206,0
DA:1208,0
DA:1218,0
DA:1219,0
DA:1220,0
DA:1228,0
DA:1229,0
DA:1244,0
DA:1245,0
DA:1248,0
DA:1249,0
DA:1251,0
DA:1252,0
DA:1256,0
DA:1257,0
DA:1269,0
DA:1270,0
DA:1275,0
DA:1277,0
DA:1278,0
DA:1281,0
DA:1282,0
DA:1466,48
DA:1470,8
DA:1474,8
DA:1478,8
DA:1482,8
DA:1486,8
DA:1490,8
DA:1494,48
DA:1495,48
DA:1496,48
DA:1497,48
DA:1499,48
DA:1500,6
DA:1501,4
DA:1502,1
DA:1504,2
DA:1506,1
DA:1511,48
DA:1512,16
DA:1513,2
DA:1514,1
DA:1516,1
DA:1521,48
DA:1522,8
DA:1523,2
DA:1524,2
DA:1525,2
DA:1526,2
DA:1527,1
DA:1529,0
DA:1531,1
DA:1533,2
DA:1534,0
DA:1536,0
DA:1540,48
DA:1544,8
DA:1545,8
DA:1547,8
DA:1549,8
DA:1551,8
DA:1553,8
DA:1555,8
DA:1557,8
DA:1559,8
DA:1561,8
DA:1563,8
DA:1565,8
DA:1567,8
DA:1569,8
DA:1571,8
DA:1572,8
DA:1574,8
DA:1575,8
DA:1577,8
DA:1581,0
DA:1582,0
DA:1586,0
DA:1587,0
DA:1594,56
DA:1595,7
DA:1597,49
DA:1598,49
DA:1599,49
DA:1600,49
DA:1601,49
DA:1603,49
DA:1604,49
DA:1605,49
DA:1606,49
DA:1607,49
DA:1609,49
DA:1624,16
DA:1625,16
DA:1628,16
DA:1631,16
DA:1633,16
DA:1635,16
DA:1672,16
LF:251
LH:79
BRDA:184,1,0,0
BRDA:184,1,1,0
BRDA:206,2,0,0
BRDA:206,2,1,0
BRDA:229,3,0,0
BRDA:229,3,1,0
BRDA:300,4,0,0
BRDA:300,4,1,0
BRDA:320,5,0,0
BRDA:320,5,1,0
BRDA:381,6,0,0
BRDA:381,6,1,0
BRDA:511,7,0,0
BRDA:511,7,1,0
BRDA:514,8,0,0
BRDA:514,8,1,0
BRDA:584,9,0,0
BRDA:584,9,1,0
BRDA:585,10,0,0
BRDA:585,10,1,0
BRDA:612,11,0,0
BRDA:612,11,1,0
BRDA:639,12,0,0
BRDA:639,12,1,0
BRDA:650,13,0,0
BRDA:650,13,1,0
BRDA:654,14,0,0
BRDA:654,14,1,0
BRDA:749,15,0,0
BRDA:749,15,1,0
BRDA:758,16,0,0
BRDA:758,16,1,0
BRDA:780,17,0,0
BRDA:780,17,1,0
BRDA:800,18,0,0
BRDA:800,18,1,0
BRDA:802,19,0,0
BRDA:802,19,1,0
BRDA:814,20,0,0
BRDA:814,20,1,0
BRDA:823,21,0,0
BRDA:823,21,1,0
BRDA:845,22,0,0
BRDA:845,22,1,0
BRDA:870,23,0,0
BRDA:870,23,1,0
BRDA:899,24,0,0
BRDA:899,24,1,0
BRDA:922,25,0,0
BRDA:922,25,1,0
BRDA:951,26,0,0
BRDA:951,26,1,0
BRDA:970,27,0,0
BRDA:970,27,1,0
BRDA:971,28,0,0
BRDA:971,28,1,0
BRDA:1021,29,0,0
BRDA:1021,29,1,0
BRDA:1022,30,0,0
BRDA:1022,30,1,0
BRDA:1062,31,0,0
BRDA:1062,31,1,0
BRDA:1066,32,0,0
BRDA:1066,32,1,0
BRDA:1159,33,0,0
BRDA:1159,33,1,0
BRDA:1174,34,0,0
BRDA:1174,34,1,0
BRDA:1200,35,0,0
BRDA:1200,35,1,0
BRDA:1202,36,0,0
BRDA:1202,36,1,0
BRDA:1205,37,0,0
BRDA:1205,37,1,0
BRDA:1207,38,0,0
BRDA:1207,38,1,0
BRDA:1248,39,0,0
BRDA:1248,39,1,0
BRDA:1499,40,0,6
BRDA:1499,40,1,42
BRDA:1500,41,0,4
BRDA:1500,41,1,2
BRDA:1501,42,0,1
BRDA:1501,42,1,3
BRDA:1503,43,0,2
BRDA:1503,43,1,1
BRDA:1505,44,0,1
BRDA:1505,44,1,0
BRDA:1511,45,0,16
BRDA:1511,45,1,32
BRDA:1512,46,0,2
BRDA:1512,46,1,14
BRDA:1513,47,0,1
BRDA:1513,47,1,1
BRDA:1521,48,0,8
BRDA:1521,48,1,40
BRDA:1522,49,0,2
BRDA:1522,49,1,6
BRDA:1526,50,0,1
BRDA:1526,50,1,1
BRDA:1528,51,0,0
BRDA:1528,51,1,1
BRDA:1533,52,0,0
BRDA:1533,52,1,2
BRDA:1535,53,0,0
BRDA:1535,53,1,2
BRDA:1581,54,0,0
BRDA:1581,54,1,0
BRDA:1586,55,0,0
BRDA:1586,55,1,0
BRDA:1594,56,0,7
BRDA:1594,56,1,49
BRDA:1625,57,0,0
BRDA:1625,57,1,16
BRF:114
BRH:27
end_of_record
